

Started GET "/" for ::1 at 2015-08-08 19:58:33 -0500

Gem::LoadError (Specified 'sqlite3' for database adapter, but the gem is not loaded. Add `gem 'sqlite3'` to your Gemfile (and ensure its version is at the minimum required by ActiveRecord).):
  activerecord (4.2.3) lib/active_record/connection_adapters/connection_specification.rb:177:in `rescue in spec'
  activerecord (4.2.3) lib/active_record/connection_adapters/connection_specification.rb:174:in `spec'
  activerecord (4.2.3) lib/active_record/connection_handling.rb:50:in `establish_connection'
  activerecord (4.2.3) lib/active_record/railtie.rb:120:in `block (2 levels) in <class:Railtie>'
  activesupport (4.2.3) lib/active_support/lazy_load_hooks.rb:38:in `instance_eval'
  activesupport (4.2.3) lib/active_support/lazy_load_hooks.rb:38:in `execute_hook'
  activesupport (4.2.3) lib/active_support/lazy_load_hooks.rb:45:in `block in run_load_hooks'
  activesupport (4.2.3) lib/active_support/lazy_load_hooks.rb:44:in `each'
  activesupport (4.2.3) lib/active_support/lazy_load_hooks.rb:44:in `run_load_hooks'
  activerecord (4.2.3) lib/active_record/base.rb:315:in `<module:ActiveRecord>'
  activerecord (4.2.3) lib/active_record/base.rb:26:in `<top (required)>'
  activerecord (4.2.3) lib/active_record/migration.rb:383:in `connection'
  activerecord (4.2.3) lib/active_record/migration.rb:370:in `call'
  actionpack (4.2.3) lib/action_dispatch/middleware/callbacks.rb:29:in `block in call'
  activesupport (4.2.3) lib/active_support/callbacks.rb:84:in `run_callbacks'
  actionpack (4.2.3) lib/action_dispatch/middleware/callbacks.rb:27:in `call'
  actionpack (4.2.3) lib/action_dispatch/middleware/reloader.rb:73:in `call'
  actionpack (4.2.3) lib/action_dispatch/middleware/remote_ip.rb:78:in `call'
  actionpack (4.2.3) lib/action_dispatch/middleware/debug_exceptions.rb:17:in `call'
  web-console (2.2.1) lib/web_console/middleware.rb:39:in `call'
  actionpack (4.2.3) lib/action_dispatch/middleware/show_exceptions.rb:30:in `call'
  railties (4.2.3) lib/rails/rack/logger.rb:38:in `call_app'
  railties (4.2.3) lib/rails/rack/logger.rb:20:in `block in call'
  activesupport (4.2.3) lib/active_support/tagged_logging.rb:68:in `block in tagged'
  activesupport (4.2.3) lib/active_support/tagged_logging.rb:26:in `tagged'
  activesupport (4.2.3) lib/active_support/tagged_logging.rb:68:in `tagged'
  railties (4.2.3) lib/rails/rack/logger.rb:20:in `call'
  actionpack (4.2.3) lib/action_dispatch/middleware/request_id.rb:21:in `call'
  rack (1.6.4) lib/rack/methodoverride.rb:22:in `call'
  rack (1.6.4) lib/rack/runtime.rb:18:in `call'
  activesupport (4.2.3) lib/active_support/cache/strategy/local_cache_middleware.rb:28:in `call'
  rack (1.6.4) lib/rack/lock.rb:17:in `call'
  actionpack (4.2.3) lib/action_dispatch/middleware/static.rb:116:in `call'
  rack (1.6.4) lib/rack/sendfile.rb:113:in `call'
  rack-cors (0.4.0) lib/rack/cors.rb:80:in `call'
  railties (4.2.3) lib/rails/engine.rb:518:in `call'
  railties (4.2.3) lib/rails/application.rb:165:in `call'
  rack (1.6.4) lib/rack/lock.rb:17:in `call'
  rack (1.6.4) lib/rack/content_length.rb:15:in `call'
  rack (1.6.4) lib/rack/handler/webrick.rb:88:in `service'
  /Users/jimjoyce/.rbenv/versions/2.0.0-p481/lib/ruby/2.0.0/webrick/httpserver.rb:138:in `service'
  /Users/jimjoyce/.rbenv/versions/2.0.0-p481/lib/ruby/2.0.0/webrick/httpserver.rb:94:in `run'
  /Users/jimjoyce/.rbenv/versions/2.0.0-p481/lib/ruby/2.0.0/webrick/server.rb:295:in `block in start_thread'


  Rendered /Users/jimjoyce/.rbenv/versions/2.0.0-p481/lib/ruby/gems/2.0.0/gems/actionpack-4.2.3/lib/action_dispatch/middleware/templates/rescues/_source.erb (2.4ms)
  Rendered /Users/jimjoyce/.rbenv/versions/2.0.0-p481/lib/ruby/gems/2.0.0/gems/actionpack-4.2.3/lib/action_dispatch/middleware/templates/rescues/_trace.html.erb (1.6ms)
  Rendered /Users/jimjoyce/.rbenv/versions/2.0.0-p481/lib/ruby/gems/2.0.0/gems/actionpack-4.2.3/lib/action_dispatch/middleware/templates/rescues/_request_and_response.html.erb (0.9ms)
  Rendered /Users/jimjoyce/.rbenv/versions/2.0.0-p481/lib/ruby/gems/2.0.0/gems/actionpack-4.2.3/lib/action_dispatch/middleware/templates/rescues/diagnostics.html.erb within rescues/layout (22.8ms)
  Rendered /Users/jimjoyce/.rbenv/versions/2.0.0-p481/lib/ruby/gems/2.0.0/gems/web-console-2.2.1/lib/web_console/templates/_markup.html.erb (0.3ms)
  Rendered /Users/jimjoyce/.rbenv/versions/2.0.0-p481/lib/ruby/gems/2.0.0/gems/web-console-2.2.1/lib/web_console/templates/_inner_console_markup.html.erb within layouts/inlined_string (0.4ms)
  Rendered /Users/jimjoyce/.rbenv/versions/2.0.0-p481/lib/ruby/gems/2.0.0/gems/web-console-2.2.1/lib/web_console/templates/_prompt_box_markup.html.erb within layouts/inlined_string (0.5ms)
  Rendered /Users/jimjoyce/.rbenv/versions/2.0.0-p481/lib/ruby/gems/2.0.0/gems/web-console-2.2.1/lib/web_console/templates/style.css.erb within layouts/inlined_string (0.4ms)
  Rendered /Users/jimjoyce/.rbenv/versions/2.0.0-p481/lib/ruby/gems/2.0.0/gems/web-console-2.2.1/lib/web_console/templates/console.js.erb within layouts/javascript (23.0ms)
  Rendered /Users/jimjoyce/.rbenv/versions/2.0.0-p481/lib/ruby/gems/2.0.0/gems/web-console-2.2.1/lib/web_console/templates/main.js.erb within layouts/javascript (0.5ms)
  Rendered /Users/jimjoyce/.rbenv/versions/2.0.0-p481/lib/ruby/gems/2.0.0/gems/web-console-2.2.1/lib/web_console/templates/error_page.js.erb within layouts/javascript (0.3ms)
  Rendered /Users/jimjoyce/.rbenv/versions/2.0.0-p481/lib/ruby/gems/2.0.0/gems/web-console-2.2.1/lib/web_console/templates/index.html.erb (49.8ms)


Started GET "/" for ::1 at 2015-08-08 20:08:04 -0500

ActiveRecord::NoDatabaseError (FATAL:  database "burgr_development" does not exist
):
  activerecord (4.2.3) lib/active_record/connection_adapters/postgresql_adapter.rb:665:in `rescue in connect'
  activerecord (4.2.3) lib/active_record/connection_adapters/postgresql_adapter.rb:655:in `connect'
  activerecord (4.2.3) lib/active_record/connection_adapters/postgresql_adapter.rb:242:in `initialize'
  activerecord (4.2.3) lib/active_record/connection_adapters/postgresql_adapter.rb:44:in `new'
  activerecord (4.2.3) lib/active_record/connection_adapters/postgresql_adapter.rb:44:in `postgresql_connection'
  activerecord (4.2.3) lib/active_record/connection_adapters/abstract/connection_pool.rb:438:in `new_connection'
  activerecord (4.2.3) lib/active_record/connection_adapters/abstract/connection_pool.rb:448:in `checkout_new_connection'
  activerecord (4.2.3) lib/active_record/connection_adapters/abstract/connection_pool.rb:422:in `acquire_connection'
  activerecord (4.2.3) lib/active_record/connection_adapters/abstract/connection_pool.rb:349:in `block in checkout'
  /Users/jimjoyce/.rbenv/versions/2.0.0-p481/lib/ruby/2.0.0/monitor.rb:211:in `mon_synchronize'
  activerecord (4.2.3) lib/active_record/connection_adapters/abstract/connection_pool.rb:348:in `checkout'
  activerecord (4.2.3) lib/active_record/connection_adapters/abstract/connection_pool.rb:263:in `block in connection'
  /Users/jimjoyce/.rbenv/versions/2.0.0-p481/lib/ruby/2.0.0/monitor.rb:211:in `mon_synchronize'
  activerecord (4.2.3) lib/active_record/connection_adapters/abstract/connection_pool.rb:262:in `connection'
  activerecord (4.2.3) lib/active_record/connection_adapters/abstract/connection_pool.rb:571:in `retrieve_connection'
  activerecord (4.2.3) lib/active_record/connection_handling.rb:113:in `retrieve_connection'
  activerecord (4.2.3) lib/active_record/connection_handling.rb:87:in `connection'
  activerecord (4.2.3) lib/active_record/migration.rb:383:in `connection'
  activerecord (4.2.3) lib/active_record/migration.rb:370:in `call'
  actionpack (4.2.3) lib/action_dispatch/middleware/callbacks.rb:29:in `block in call'
  activesupport (4.2.3) lib/active_support/callbacks.rb:84:in `run_callbacks'
  actionpack (4.2.3) lib/action_dispatch/middleware/callbacks.rb:27:in `call'
  actionpack (4.2.3) lib/action_dispatch/middleware/reloader.rb:73:in `call'
  actionpack (4.2.3) lib/action_dispatch/middleware/remote_ip.rb:78:in `call'
  actionpack (4.2.3) lib/action_dispatch/middleware/debug_exceptions.rb:17:in `call'
  web-console (2.2.1) lib/web_console/middleware.rb:39:in `call'
  actionpack (4.2.3) lib/action_dispatch/middleware/show_exceptions.rb:30:in `call'
  railties (4.2.3) lib/rails/rack/logger.rb:38:in `call_app'
  railties (4.2.3) lib/rails/rack/logger.rb:20:in `block in call'
  activesupport (4.2.3) lib/active_support/tagged_logging.rb:68:in `block in tagged'
  activesupport (4.2.3) lib/active_support/tagged_logging.rb:26:in `tagged'
  activesupport (4.2.3) lib/active_support/tagged_logging.rb:68:in `tagged'
  railties (4.2.3) lib/rails/rack/logger.rb:20:in `call'
  actionpack (4.2.3) lib/action_dispatch/middleware/request_id.rb:21:in `call'
  rack (1.6.4) lib/rack/methodoverride.rb:22:in `call'
  rack (1.6.4) lib/rack/runtime.rb:18:in `call'
  activesupport (4.2.3) lib/active_support/cache/strategy/local_cache_middleware.rb:28:in `call'
  rack (1.6.4) lib/rack/lock.rb:17:in `call'
  actionpack (4.2.3) lib/action_dispatch/middleware/static.rb:116:in `call'
  rack (1.6.4) lib/rack/sendfile.rb:113:in `call'
  rack-cors (0.4.0) lib/rack/cors.rb:80:in `call'
  railties (4.2.3) lib/rails/engine.rb:518:in `call'
  railties (4.2.3) lib/rails/application.rb:165:in `call'
  rack (1.6.4) lib/rack/lock.rb:17:in `call'
  rack (1.6.4) lib/rack/content_length.rb:15:in `call'
  rack (1.6.4) lib/rack/handler/webrick.rb:88:in `service'
  /Users/jimjoyce/.rbenv/versions/2.0.0-p481/lib/ruby/2.0.0/webrick/httpserver.rb:138:in `service'
  /Users/jimjoyce/.rbenv/versions/2.0.0-p481/lib/ruby/2.0.0/webrick/httpserver.rb:94:in `run'
  /Users/jimjoyce/.rbenv/versions/2.0.0-p481/lib/ruby/2.0.0/webrick/server.rb:295:in `block in start_thread'


  Rendered /Users/jimjoyce/.rbenv/versions/2.0.0-p481/lib/ruby/gems/2.0.0/gems/actionpack-4.2.3/lib/action_dispatch/middleware/templates/rescues/_source.erb (2.2ms)
  Rendered /Users/jimjoyce/.rbenv/versions/2.0.0-p481/lib/ruby/gems/2.0.0/gems/actionpack-4.2.3/lib/action_dispatch/middleware/templates/rescues/_trace.html.erb (1.2ms)
  Rendered /Users/jimjoyce/.rbenv/versions/2.0.0-p481/lib/ruby/gems/2.0.0/gems/actionpack-4.2.3/lib/action_dispatch/middleware/templates/rescues/_request_and_response.html.erb (0.6ms)
  Rendered /Users/jimjoyce/.rbenv/versions/2.0.0-p481/lib/ruby/gems/2.0.0/gems/actionpack-4.2.3/lib/action_dispatch/middleware/templates/rescues/diagnostics.html.erb within rescues/layout (14.1ms)
  Rendered /Users/jimjoyce/.rbenv/versions/2.0.0-p481/lib/ruby/gems/2.0.0/gems/web-console-2.2.1/lib/web_console/templates/_markup.html.erb (0.2ms)
  Rendered /Users/jimjoyce/.rbenv/versions/2.0.0-p481/lib/ruby/gems/2.0.0/gems/web-console-2.2.1/lib/web_console/templates/_inner_console_markup.html.erb within layouts/inlined_string (0.2ms)
  Rendered /Users/jimjoyce/.rbenv/versions/2.0.0-p481/lib/ruby/gems/2.0.0/gems/web-console-2.2.1/lib/web_console/templates/_prompt_box_markup.html.erb within layouts/inlined_string (0.2ms)
  Rendered /Users/jimjoyce/.rbenv/versions/2.0.0-p481/lib/ruby/gems/2.0.0/gems/web-console-2.2.1/lib/web_console/templates/style.css.erb within layouts/inlined_string (0.2ms)
  Rendered /Users/jimjoyce/.rbenv/versions/2.0.0-p481/lib/ruby/gems/2.0.0/gems/web-console-2.2.1/lib/web_console/templates/console.js.erb within layouts/javascript (11.7ms)
  Rendered /Users/jimjoyce/.rbenv/versions/2.0.0-p481/lib/ruby/gems/2.0.0/gems/web-console-2.2.1/lib/web_console/templates/main.js.erb within layouts/javascript (0.2ms)
  Rendered /Users/jimjoyce/.rbenv/versions/2.0.0-p481/lib/ruby/gems/2.0.0/gems/web-console-2.2.1/lib/web_console/templates/error_page.js.erb within layouts/javascript (0.4ms)
  Rendered /Users/jimjoyce/.rbenv/versions/2.0.0-p481/lib/ruby/gems/2.0.0/gems/web-console-2.2.1/lib/web_console/templates/index.html.erb (26.7ms)


Started GET "/" for ::1 at 2015-08-08 20:08:19 -0500
Processing by HomeController#index as HTML
  Rendered home/index.html.erb within layouts/application (1.0ms)
Completed 500 Internal Server Error in 259ms (ActiveRecord: 0.0ms)

ActionView::Template::Error (couldn't find file 'angular-route/angular-route' with type 'application/javascript'):
    3: <head>
    4:   <title>Burgr</title>
    5:   <%= stylesheet_link_tag    'application', media: 'all', 'data-turbolinks-track' => true %>
    6:   <%= javascript_include_tag 'application', 'data-turbolinks-track' => true %>
    7:   <%= csrf_meta_tags %>
    8: </head>
    9: <body>
  app/assets/javascripts/application.js:16
  app/views/layouts/application.html.erb:6:in `_app_views_layouts_application_html_erb___1466547870903047703_70268709120760'


  Rendered /Users/jimjoyce/.rbenv/versions/2.0.0-p481/lib/ruby/gems/2.0.0/gems/actionpack-4.2.3/lib/action_dispatch/middleware/templates/rescues/_source.erb (7.0ms)
  Rendered /Users/jimjoyce/.rbenv/versions/2.0.0-p481/lib/ruby/gems/2.0.0/gems/actionpack-4.2.3/lib/action_dispatch/middleware/templates/rescues/_trace.html.erb (2.1ms)
  Rendered /Users/jimjoyce/.rbenv/versions/2.0.0-p481/lib/ruby/gems/2.0.0/gems/actionpack-4.2.3/lib/action_dispatch/middleware/templates/rescues/_request_and_response.html.erb (7.5ms)
  Rendered /Users/jimjoyce/.rbenv/versions/2.0.0-p481/lib/ruby/gems/2.0.0/gems/actionpack-4.2.3/lib/action_dispatch/middleware/templates/rescues/template_error.html.erb within rescues/layout (28.5ms)
  Rendered /Users/jimjoyce/.rbenv/versions/2.0.0-p481/lib/ruby/gems/2.0.0/gems/web-console-2.2.1/lib/web_console/templates/_markup.html.erb (0.2ms)
  Rendered /Users/jimjoyce/.rbenv/versions/2.0.0-p481/lib/ruby/gems/2.0.0/gems/web-console-2.2.1/lib/web_console/templates/_inner_console_markup.html.erb within layouts/inlined_string (0.2ms)
  Rendered /Users/jimjoyce/.rbenv/versions/2.0.0-p481/lib/ruby/gems/2.0.0/gems/web-console-2.2.1/lib/web_console/templates/_prompt_box_markup.html.erb within layouts/inlined_string (0.2ms)
  Rendered /Users/jimjoyce/.rbenv/versions/2.0.0-p481/lib/ruby/gems/2.0.0/gems/web-console-2.2.1/lib/web_console/templates/style.css.erb within layouts/inlined_string (0.3ms)
  Rendered /Users/jimjoyce/.rbenv/versions/2.0.0-p481/lib/ruby/gems/2.0.0/gems/web-console-2.2.1/lib/web_console/templates/console.js.erb within layouts/javascript (11.9ms)
  Rendered /Users/jimjoyce/.rbenv/versions/2.0.0-p481/lib/ruby/gems/2.0.0/gems/web-console-2.2.1/lib/web_console/templates/main.js.erb within layouts/javascript (0.2ms)
  Rendered /Users/jimjoyce/.rbenv/versions/2.0.0-p481/lib/ruby/gems/2.0.0/gems/web-console-2.2.1/lib/web_console/templates/error_page.js.erb within layouts/javascript (0.2ms)
  Rendered /Users/jimjoyce/.rbenv/versions/2.0.0-p481/lib/ruby/gems/2.0.0/gems/web-console-2.2.1/lib/web_console/templates/index.html.erb (26.5ms)


Started GET "/" for ::1 at 2015-08-08 20:09:32 -0500
Processing by HomeController#index as HTML
  Rendered home/index.html.erb within layouts/application (0.9ms)
Completed 500 Internal Server Error in 245ms (ActiveRecord: 0.0ms)

ActionView::Template::Error (couldn't find file 'angular-route/angular-route' with type 'application/javascript'):
    3: <head>
    4:   <title>Burgr</title>
    5:   <%= stylesheet_link_tag    'application', media: 'all', 'data-turbolinks-track' => true %>
    6:   <%= javascript_include_tag 'application', 'data-turbolinks-track' => true %>
    7:   <%= csrf_meta_tags %>
    8: </head>
    9: <body>
  app/assets/javascripts/application.js:16
  app/views/layouts/application.html.erb:6:in `_app_views_layouts_application_html_erb___640158920970057857_70224126764980'


  Rendered /Users/jimjoyce/.rbenv/versions/2.0.0-p481/lib/ruby/gems/2.0.0/gems/actionpack-4.2.3/lib/action_dispatch/middleware/templates/rescues/_source.erb (5.5ms)
  Rendered /Users/jimjoyce/.rbenv/versions/2.0.0-p481/lib/ruby/gems/2.0.0/gems/actionpack-4.2.3/lib/action_dispatch/middleware/templates/rescues/_trace.html.erb (2.2ms)
  Rendered /Users/jimjoyce/.rbenv/versions/2.0.0-p481/lib/ruby/gems/2.0.0/gems/actionpack-4.2.3/lib/action_dispatch/middleware/templates/rescues/_request_and_response.html.erb (7.1ms)
  Rendered /Users/jimjoyce/.rbenv/versions/2.0.0-p481/lib/ruby/gems/2.0.0/gems/actionpack-4.2.3/lib/action_dispatch/middleware/templates/rescues/template_error.html.erb within rescues/layout (24.6ms)
  Rendered /Users/jimjoyce/.rbenv/versions/2.0.0-p481/lib/ruby/gems/2.0.0/gems/web-console-2.2.1/lib/web_console/templates/_markup.html.erb (0.3ms)
  Rendered /Users/jimjoyce/.rbenv/versions/2.0.0-p481/lib/ruby/gems/2.0.0/gems/web-console-2.2.1/lib/web_console/templates/_inner_console_markup.html.erb within layouts/inlined_string (0.2ms)
  Rendered /Users/jimjoyce/.rbenv/versions/2.0.0-p481/lib/ruby/gems/2.0.0/gems/web-console-2.2.1/lib/web_console/templates/_prompt_box_markup.html.erb within layouts/inlined_string (0.2ms)
  Rendered /Users/jimjoyce/.rbenv/versions/2.0.0-p481/lib/ruby/gems/2.0.0/gems/web-console-2.2.1/lib/web_console/templates/style.css.erb within layouts/inlined_string (0.3ms)
  Rendered /Users/jimjoyce/.rbenv/versions/2.0.0-p481/lib/ruby/gems/2.0.0/gems/web-console-2.2.1/lib/web_console/templates/console.js.erb within layouts/javascript (12.1ms)
  Rendered /Users/jimjoyce/.rbenv/versions/2.0.0-p481/lib/ruby/gems/2.0.0/gems/web-console-2.2.1/lib/web_console/templates/main.js.erb within layouts/javascript (0.2ms)
  Rendered /Users/jimjoyce/.rbenv/versions/2.0.0-p481/lib/ruby/gems/2.0.0/gems/web-console-2.2.1/lib/web_console/templates/error_page.js.erb within layouts/javascript (0.3ms)
  Rendered /Users/jimjoyce/.rbenv/versions/2.0.0-p481/lib/ruby/gems/2.0.0/gems/web-console-2.2.1/lib/web_console/templates/index.html.erb (26.5ms)


Started GET "/" for ::1 at 2015-08-08 20:09:41 -0500
Processing by HomeController#index as HTML
  Rendered home/index.html.erb within layouts/application (0.0ms)
Completed 500 Internal Server Error in 57ms (ActiveRecord: 0.0ms)

ActionView::Template::Error (couldn't find file 'angular-rails-templates' with type 'application/javascript'):
    3: <head>
    4:   <title>Burgr</title>
    5:   <%= stylesheet_link_tag    'application', media: 'all', 'data-turbolinks-track' => true %>
    6:   <%= javascript_include_tag 'application', 'data-turbolinks-track' => true %>
    7:   <%= csrf_meta_tags %>
    8: </head>
    9: <body>
  app/assets/javascripts/application.js:17
  app/views/layouts/application.html.erb:6:in `_app_views_layouts_application_html_erb___640158920970057857_70224126764980'


  Rendered /Users/jimjoyce/.rbenv/versions/2.0.0-p481/lib/ruby/gems/2.0.0/gems/actionpack-4.2.3/lib/action_dispatch/middleware/templates/rescues/_source.erb (5.5ms)
  Rendered /Users/jimjoyce/.rbenv/versions/2.0.0-p481/lib/ruby/gems/2.0.0/gems/actionpack-4.2.3/lib/action_dispatch/middleware/templates/rescues/_trace.html.erb (2.5ms)
  Rendered /Users/jimjoyce/.rbenv/versions/2.0.0-p481/lib/ruby/gems/2.0.0/gems/actionpack-4.2.3/lib/action_dispatch/middleware/templates/rescues/_request_and_response.html.erb (0.8ms)
  Rendered /Users/jimjoyce/.rbenv/versions/2.0.0-p481/lib/ruby/gems/2.0.0/gems/actionpack-4.2.3/lib/action_dispatch/middleware/templates/rescues/template_error.html.erb within rescues/layout (18.4ms)
  Rendered /Users/jimjoyce/.rbenv/versions/2.0.0-p481/lib/ruby/gems/2.0.0/gems/web-console-2.2.1/lib/web_console/templates/_markup.html.erb (0.2ms)
  Rendered /Users/jimjoyce/.rbenv/versions/2.0.0-p481/lib/ruby/gems/2.0.0/gems/web-console-2.2.1/lib/web_console/templates/_inner_console_markup.html.erb within layouts/inlined_string (0.2ms)
  Rendered /Users/jimjoyce/.rbenv/versions/2.0.0-p481/lib/ruby/gems/2.0.0/gems/web-console-2.2.1/lib/web_console/templates/_prompt_box_markup.html.erb within layouts/inlined_string (0.2ms)
  Rendered /Users/jimjoyce/.rbenv/versions/2.0.0-p481/lib/ruby/gems/2.0.0/gems/web-console-2.2.1/lib/web_console/templates/style.css.erb within layouts/inlined_string (0.3ms)
  Rendered /Users/jimjoyce/.rbenv/versions/2.0.0-p481/lib/ruby/gems/2.0.0/gems/web-console-2.2.1/lib/web_console/templates/console.js.erb within layouts/javascript (12.0ms)
  Rendered /Users/jimjoyce/.rbenv/versions/2.0.0-p481/lib/ruby/gems/2.0.0/gems/web-console-2.2.1/lib/web_console/templates/main.js.erb within layouts/javascript (0.3ms)
  Rendered /Users/jimjoyce/.rbenv/versions/2.0.0-p481/lib/ruby/gems/2.0.0/gems/web-console-2.2.1/lib/web_console/templates/error_page.js.erb within layouts/javascript (0.4ms)
  Rendered /Users/jimjoyce/.rbenv/versions/2.0.0-p481/lib/ruby/gems/2.0.0/gems/web-console-2.2.1/lib/web_console/templates/index.html.erb (27.1ms)


Started GET "/" for ::1 at 2015-08-08 20:09:46 -0500
Processing by HomeController#index as HTML
  Rendered home/index.html.erb within layouts/application (0.0ms)
Completed 500 Internal Server Error in 11ms (ActiveRecord: 0.0ms)

ActionView::Template::Error (couldn't find file 'google-code-prettify' with type 'application/javascript'):
    3: <head>
    4:   <title>Burgr</title>
    5:   <%= stylesheet_link_tag    'application', media: 'all', 'data-turbolinks-track' => true %>
    6:   <%= javascript_include_tag 'application', 'data-turbolinks-track' => true %>
    7:   <%= csrf_meta_tags %>
    8: </head>
    9: <body>
  app/assets/javascripts/application.js:21
  app/views/layouts/application.html.erb:6:in `_app_views_layouts_application_html_erb___640158920970057857_70224126764980'


  Rendered /Users/jimjoyce/.rbenv/versions/2.0.0-p481/lib/ruby/gems/2.0.0/gems/actionpack-4.2.3/lib/action_dispatch/middleware/templates/rescues/_source.erb (5.7ms)
  Rendered /Users/jimjoyce/.rbenv/versions/2.0.0-p481/lib/ruby/gems/2.0.0/gems/actionpack-4.2.3/lib/action_dispatch/middleware/templates/rescues/_trace.html.erb (2.0ms)
  Rendered /Users/jimjoyce/.rbenv/versions/2.0.0-p481/lib/ruby/gems/2.0.0/gems/actionpack-4.2.3/lib/action_dispatch/middleware/templates/rescues/_request_and_response.html.erb (0.9ms)
  Rendered /Users/jimjoyce/.rbenv/versions/2.0.0-p481/lib/ruby/gems/2.0.0/gems/actionpack-4.2.3/lib/action_dispatch/middleware/templates/rescues/template_error.html.erb within rescues/layout (72.9ms)
  Rendered /Users/jimjoyce/.rbenv/versions/2.0.0-p481/lib/ruby/gems/2.0.0/gems/web-console-2.2.1/lib/web_console/templates/_markup.html.erb (0.2ms)
  Rendered /Users/jimjoyce/.rbenv/versions/2.0.0-p481/lib/ruby/gems/2.0.0/gems/web-console-2.2.1/lib/web_console/templates/_inner_console_markup.html.erb within layouts/inlined_string (0.2ms)
  Rendered /Users/jimjoyce/.rbenv/versions/2.0.0-p481/lib/ruby/gems/2.0.0/gems/web-console-2.2.1/lib/web_console/templates/_prompt_box_markup.html.erb within layouts/inlined_string (0.2ms)
  Rendered /Users/jimjoyce/.rbenv/versions/2.0.0-p481/lib/ruby/gems/2.0.0/gems/web-console-2.2.1/lib/web_console/templates/style.css.erb within layouts/inlined_string (0.2ms)
  Rendered /Users/jimjoyce/.rbenv/versions/2.0.0-p481/lib/ruby/gems/2.0.0/gems/web-console-2.2.1/lib/web_console/templates/console.js.erb within layouts/javascript (11.9ms)
  Rendered /Users/jimjoyce/.rbenv/versions/2.0.0-p481/lib/ruby/gems/2.0.0/gems/web-console-2.2.1/lib/web_console/templates/main.js.erb within layouts/javascript (0.2ms)
  Rendered /Users/jimjoyce/.rbenv/versions/2.0.0-p481/lib/ruby/gems/2.0.0/gems/web-console-2.2.1/lib/web_console/templates/error_page.js.erb within layouts/javascript (0.2ms)
  Rendered /Users/jimjoyce/.rbenv/versions/2.0.0-p481/lib/ruby/gems/2.0.0/gems/web-console-2.2.1/lib/web_console/templates/index.html.erb (24.7ms)


Started GET "/" for ::1 at 2015-08-08 20:09:51 -0500
Processing by HomeController#index as HTML
  Rendered home/index.html.erb within layouts/application (0.0ms)
Completed 500 Internal Server Error in 10ms (ActiveRecord: 0.0ms)

ActionView::Template::Error (require_tree argument must be a directory):
    3: <head>
    4:   <title>Burgr</title>
    5:   <%= stylesheet_link_tag    'application', media: 'all', 'data-turbolinks-track' => true %>
    6:   <%= javascript_include_tag 'application', 'data-turbolinks-track' => true %>
    7:   <%= csrf_meta_tags %>
    8: </head>
    9: <body>
  app/assets/javascripts/application.js:28
  app/views/layouts/application.html.erb:6:in `_app_views_layouts_application_html_erb___640158920970057857_70224126764980'


  Rendered /Users/jimjoyce/.rbenv/versions/2.0.0-p481/lib/ruby/gems/2.0.0/gems/actionpack-4.2.3/lib/action_dispatch/middleware/templates/rescues/_source.erb (5.6ms)
  Rendered /Users/jimjoyce/.rbenv/versions/2.0.0-p481/lib/ruby/gems/2.0.0/gems/actionpack-4.2.3/lib/action_dispatch/middleware/templates/rescues/_trace.html.erb (1.9ms)
  Rendered /Users/jimjoyce/.rbenv/versions/2.0.0-p481/lib/ruby/gems/2.0.0/gems/actionpack-4.2.3/lib/action_dispatch/middleware/templates/rescues/_request_and_response.html.erb (0.9ms)
  Rendered /Users/jimjoyce/.rbenv/versions/2.0.0-p481/lib/ruby/gems/2.0.0/gems/actionpack-4.2.3/lib/action_dispatch/middleware/templates/rescues/template_error.html.erb within rescues/layout (18.5ms)
  Rendered /Users/jimjoyce/.rbenv/versions/2.0.0-p481/lib/ruby/gems/2.0.0/gems/web-console-2.2.1/lib/web_console/templates/_markup.html.erb (0.2ms)
  Rendered /Users/jimjoyce/.rbenv/versions/2.0.0-p481/lib/ruby/gems/2.0.0/gems/web-console-2.2.1/lib/web_console/templates/_inner_console_markup.html.erb within layouts/inlined_string (0.2ms)
  Rendered /Users/jimjoyce/.rbenv/versions/2.0.0-p481/lib/ruby/gems/2.0.0/gems/web-console-2.2.1/lib/web_console/templates/_prompt_box_markup.html.erb within layouts/inlined_string (0.2ms)
  Rendered /Users/jimjoyce/.rbenv/versions/2.0.0-p481/lib/ruby/gems/2.0.0/gems/web-console-2.2.1/lib/web_console/templates/style.css.erb within layouts/inlined_string (0.3ms)
  Rendered /Users/jimjoyce/.rbenv/versions/2.0.0-p481/lib/ruby/gems/2.0.0/gems/web-console-2.2.1/lib/web_console/templates/console.js.erb within layouts/javascript (12.1ms)
  Rendered /Users/jimjoyce/.rbenv/versions/2.0.0-p481/lib/ruby/gems/2.0.0/gems/web-console-2.2.1/lib/web_console/templates/main.js.erb within layouts/javascript (0.2ms)
  Rendered /Users/jimjoyce/.rbenv/versions/2.0.0-p481/lib/ruby/gems/2.0.0/gems/web-console-2.2.1/lib/web_console/templates/error_page.js.erb within layouts/javascript (0.4ms)
  Rendered /Users/jimjoyce/.rbenv/versions/2.0.0-p481/lib/ruby/gems/2.0.0/gems/web-console-2.2.1/lib/web_console/templates/index.html.erb (25.3ms)


Started GET "/" for ::1 at 2015-08-08 20:09:56 -0500
Processing by HomeController#index as HTML
  Rendered home/index.html.erb within layouts/application (0.0ms)
Completed 200 OK in 673ms (Views: 672.8ms | ActiveRecord: 0.0ms)


Started GET "/assets/jquery/dist/jquery.self-a4777c1acac0a74340755725342901a54ed000955bf6f5320491b8b2514c86ec.js?body=1" for ::1 at 2015-08-08 20:09:57 -0500


Started GET "/assets/app.self-97992ba65ca4ee3e9d0d223db1862f5d360f6c0858889e42a11f510f4553195b.js?body=1" for ::1 at 2015-08-08 20:09:57 -0500


Started GET "/assets/angular/angular.self-5918d434c9cc209ba9ff042e92494418b0d4189738c99bedd51c5bbdefe0f11c.js?body=1" for ::1 at 2015-08-08 20:09:57 -0500


Started GET "/assets/application.self-e80e8f2318043e8af94dddc2adad5a4f09739a8ebb323b3ab31cd71d45fd9113.css?body=1" for ::1 at 2015-08-08 20:09:57 -0500


Started GET "/assets/controllers/HomeController.self-3a20b05872d5a7b6a6fdf12d8e4e60489dd153dc91952ef88291ff1a27562817.js?body=1" for ::1 at 2015-08-08 20:09:57 -0500


Started GET "/assets/application.self-bb84d39c76c6f3b39ee60dd7f215933ab453b025fa717038ce3c70f50137c5dc.js?body=1" for ::1 at 2015-08-08 20:09:57 -0500


Started GET "/assets/jquery_ujs.self-ca5248a2fad13d6bd58ea121318d642f195f0b2dd818b30615f785ff365e8d1f.js?body=1" for ::1 at 2015-08-08 20:09:57 -0500


Started GET "/" for ::1 at 2015-08-08 20:10:29 -0500
Processing by HomeController#index as HTML
  Rendered home/index.html.erb within layouts/application (0.1ms)
Completed 200 OK in 261ms (Views: 260.4ms | ActiveRecord: 0.0ms)


Started GET "/assets/application.self-e80e8f2318043e8af94dddc2adad5a4f09739a8ebb323b3ab31cd71d45fd9113.css?body=1" for ::1 at 2015-08-08 20:10:30 -0500


Started GET "/assets/jquery_ujs.self-ca5248a2fad13d6bd58ea121318d642f195f0b2dd818b30615f785ff365e8d1f.js?body=1" for ::1 at 2015-08-08 20:10:30 -0500


Started GET "/assets/angular/angular.self-5918d434c9cc209ba9ff042e92494418b0d4189738c99bedd51c5bbdefe0f11c.js?body=1" for ::1 at 2015-08-08 20:10:30 -0500


Started GET "/assets/controllers/HomeController.self-3a20b05872d5a7b6a6fdf12d8e4e60489dd153dc91952ef88291ff1a27562817.js?body=1" for ::1 at 2015-08-08 20:10:30 -0500


Started GET "/assets/app.self-624716a75f2e1375e7cefe5c2d3841e4cf4236de368e008aa6625fb6cdf14f37.js?body=1" for ::1 at 2015-08-08 20:10:30 -0500


Started GET "/assets/jquery/dist/jquery.self-a4777c1acac0a74340755725342901a54ed000955bf6f5320491b8b2514c86ec.js?body=1" for ::1 at 2015-08-08 20:10:30 -0500


Started GET "/assets/application.self-bb84d39c76c6f3b39ee60dd7f215933ab453b025fa717038ce3c70f50137c5dc.js?body=1" for ::1 at 2015-08-08 20:10:30 -0500


Started GET "/" for ::1 at 2015-08-08 20:10:35 -0500
Processing by HomeController#index as HTML
  Rendered home/index.html.erb within layouts/application (0.0ms)
Completed 200 OK in 274ms (Views: 273.8ms | ActiveRecord: 0.0ms)


Started GET "/assets/application.self-e80e8f2318043e8af94dddc2adad5a4f09739a8ebb323b3ab31cd71d45fd9113.css?body=1" for ::1 at 2015-08-08 20:10:35 -0500


Started GET "/assets/angular/angular.self-5918d434c9cc209ba9ff042e92494418b0d4189738c99bedd51c5bbdefe0f11c.js?body=1" for ::1 at 2015-08-08 20:10:35 -0500


Started GET "/assets/jquery/dist/jquery.self-a4777c1acac0a74340755725342901a54ed000955bf6f5320491b8b2514c86ec.js?body=1" for ::1 at 2015-08-08 20:10:35 -0500


Started GET "/assets/controllers/HomeController.self-3a20b05872d5a7b6a6fdf12d8e4e60489dd153dc91952ef88291ff1a27562817.js?body=1" for ::1 at 2015-08-08 20:10:35 -0500


Started GET "/assets/app.self-55b065086c15937697d4fc4b146eb7e35a8e9fded0bd0253828fd792caf9555f.js?body=1" for ::1 at 2015-08-08 20:10:35 -0500


Started GET "/assets/jquery_ujs.self-ca5248a2fad13d6bd58ea121318d642f195f0b2dd818b30615f785ff365e8d1f.js?body=1" for ::1 at 2015-08-08 20:10:35 -0500


Started GET "/assets/application.self-bb84d39c76c6f3b39ee60dd7f215933ab453b025fa717038ce3c70f50137c5dc.js?body=1" for ::1 at 2015-08-08 20:10:35 -0500


Started GET "/" for ::1 at 2015-08-08 20:10:40 -0500
Processing by HomeController#index as HTML
  Rendered home/index.html.erb within layouts/application (0.0ms)
Completed 200 OK in 290ms (Views: 289.9ms | ActiveRecord: 0.0ms)


Started GET "/assets/application.self-e80e8f2318043e8af94dddc2adad5a4f09739a8ebb323b3ab31cd71d45fd9113.css?body=1" for ::1 at 2015-08-08 20:10:40 -0500


Started GET "/assets/jquery/dist/jquery.self-a4777c1acac0a74340755725342901a54ed000955bf6f5320491b8b2514c86ec.js?body=1" for ::1 at 2015-08-08 20:10:40 -0500


Started GET "/assets/jquery_ujs.self-ca5248a2fad13d6bd58ea121318d642f195f0b2dd818b30615f785ff365e8d1f.js?body=1" for ::1 at 2015-08-08 20:10:40 -0500


Started GET "/assets/controllers/HomeController.self-3a20b05872d5a7b6a6fdf12d8e4e60489dd153dc91952ef88291ff1a27562817.js?body=1" for ::1 at 2015-08-08 20:10:40 -0500


Started GET "/assets/app.self-b12ff3a5954003998f02663a944f452c3c722b25fa44bcaad12e1a7695050173.js?body=1" for ::1 at 2015-08-08 20:10:40 -0500


Started GET "/assets/angular/angular.self-5918d434c9cc209ba9ff042e92494418b0d4189738c99bedd51c5bbdefe0f11c.js?body=1" for ::1 at 2015-08-08 20:10:40 -0500


Started GET "/assets/application.self-bb84d39c76c6f3b39ee60dd7f215933ab453b025fa717038ce3c70f50137c5dc.js?body=1" for ::1 at 2015-08-08 20:10:40 -0500


Started GET "/" for ::1 at 2015-08-08 20:11:40 -0500
Processing by HomeController#index as HTML
  Rendered home/index.html.erb within layouts/application (0.1ms)
Completed 200 OK in 260ms (Views: 259.5ms | ActiveRecord: 0.0ms)


Started GET "/assets/application.self-e80e8f2318043e8af94dddc2adad5a4f09739a8ebb323b3ab31cd71d45fd9113.css?body=1" for ::1 at 2015-08-08 20:11:40 -0500


Started GET "/assets/jquery/dist/jquery.self-a4777c1acac0a74340755725342901a54ed000955bf6f5320491b8b2514c86ec.js?body=1" for ::1 at 2015-08-08 20:11:40 -0500


Started GET "/assets/app.self-b12ff3a5954003998f02663a944f452c3c722b25fa44bcaad12e1a7695050173.js?body=1" for ::1 at 2015-08-08 20:11:40 -0500


Started GET "/assets/jquery_ujs.self-ca5248a2fad13d6bd58ea121318d642f195f0b2dd818b30615f785ff365e8d1f.js?body=1" for ::1 at 2015-08-08 20:11:40 -0500


Started GET "/assets/controllers/HomeController.self-706142d0038beb507b06148ec438a7b3feb5d903b934cfb9222091f0ac445e11.js?body=1" for ::1 at 2015-08-08 20:11:40 -0500


Started GET "/assets/angular/angular.self-5918d434c9cc209ba9ff042e92494418b0d4189738c99bedd51c5bbdefe0f11c.js?body=1" for ::1 at 2015-08-08 20:11:40 -0500


Started GET "/assets/application.self-bb84d39c76c6f3b39ee60dd7f215933ab453b025fa717038ce3c70f50137c5dc.js?body=1" for ::1 at 2015-08-08 20:11:40 -0500


Started GET "/" for ::1 at 2015-08-08 20:12:11 -0500
Processing by HomeController#index as HTML
  Rendered home/index.html.erb within layouts/application (0.0ms)
Completed 200 OK in 273ms (Views: 272.9ms | ActiveRecord: 0.0ms)


Started GET "/assets/jquery_ujs.self-ca5248a2fad13d6bd58ea121318d642f195f0b2dd818b30615f785ff365e8d1f.js?body=1" for ::1 at 2015-08-08 20:12:11 -0500


Started GET "/assets/controllers/HomeController.self-4ac129e99c943eaff43e9658d9b63e2fd66ebc6b7b9c2235329bf0dda0b09263.js?body=1" for ::1 at 2015-08-08 20:12:11 -0500


Started GET "/assets/application.self-e80e8f2318043e8af94dddc2adad5a4f09739a8ebb323b3ab31cd71d45fd9113.css?body=1" for ::1 at 2015-08-08 20:12:11 -0500


Started GET "/assets/angular/angular.self-5918d434c9cc209ba9ff042e92494418b0d4189738c99bedd51c5bbdefe0f11c.js?body=1" for ::1 at 2015-08-08 20:12:11 -0500


Started GET "/assets/jquery/dist/jquery.self-a4777c1acac0a74340755725342901a54ed000955bf6f5320491b8b2514c86ec.js?body=1" for ::1 at 2015-08-08 20:12:11 -0500


Started GET "/assets/app.self-b12ff3a5954003998f02663a944f452c3c722b25fa44bcaad12e1a7695050173.js?body=1" for ::1 at 2015-08-08 20:12:11 -0500


Started GET "/assets/application.self-bb84d39c76c6f3b39ee60dd7f215933ab453b025fa717038ce3c70f50137c5dc.js?body=1" for ::1 at 2015-08-08 20:12:11 -0500


Started GET "/" for ::1 at 2015-08-08 20:12:59 -0500
Processing by HomeController#index as HTML
  Rendered home/index.html.erb within layouts/application (0.0ms)
Completed 200 OK in 260ms (Views: 259.8ms | ActiveRecord: 0.0ms)


Started GET "/assets/application.self-e80e8f2318043e8af94dddc2adad5a4f09739a8ebb323b3ab31cd71d45fd9113.css?body=1" for ::1 at 2015-08-08 20:12:59 -0500


Started GET "/assets/jquery_ujs.self-ca5248a2fad13d6bd58ea121318d642f195f0b2dd818b30615f785ff365e8d1f.js?body=1" for ::1 at 2015-08-08 20:12:59 -0500


Started GET "/assets/angular/angular.self-5918d434c9cc209ba9ff042e92494418b0d4189738c99bedd51c5bbdefe0f11c.js?body=1" for ::1 at 2015-08-08 20:12:59 -0500


Started GET "/assets/jquery/dist/jquery.self-a4777c1acac0a74340755725342901a54ed000955bf6f5320491b8b2514c86ec.js?body=1" for ::1 at 2015-08-08 20:12:59 -0500


Started GET "/assets/application.self-bb84d39c76c6f3b39ee60dd7f215933ab453b025fa717038ce3c70f50137c5dc.js?body=1" for ::1 at 2015-08-08 20:12:59 -0500


Started GET "/assets/app.self-307d15deecca5c214f0efeed9518633d2e97e1f1bc559e6f58b95cc324c8e7cf.js?body=1" for ::1 at 2015-08-08 20:12:59 -0500


Started GET "/assets/controllers/HomeController.self-4ac129e99c943eaff43e9658d9b63e2fd66ebc6b7b9c2235329bf0dda0b09263.js?body=1" for ::1 at 2015-08-08 20:12:59 -0500


Started GET "/" for ::1 at 2015-08-08 20:13:13 -0500
Processing by HomeController#index as HTML
  Rendered home/index.html.erb within layouts/application (0.1ms)
Completed 200 OK in 269ms (Views: 268.3ms | ActiveRecord: 0.0ms)


Started GET "/assets/application.self-e80e8f2318043e8af94dddc2adad5a4f09739a8ebb323b3ab31cd71d45fd9113.css?body=1" for ::1 at 2015-08-08 20:13:14 -0500


Started GET "/assets/controllers/HomeController.self-4ac129e99c943eaff43e9658d9b63e2fd66ebc6b7b9c2235329bf0dda0b09263.js?body=1" for ::1 at 2015-08-08 20:13:14 -0500


Started GET "/assets/jquery/dist/jquery.self-a4777c1acac0a74340755725342901a54ed000955bf6f5320491b8b2514c86ec.js?body=1" for ::1 at 2015-08-08 20:13:14 -0500


Started GET "/assets/angular/angular.self-5918d434c9cc209ba9ff042e92494418b0d4189738c99bedd51c5bbdefe0f11c.js?body=1" for ::1 at 2015-08-08 20:13:14 -0500


Started GET "/assets/jquery_ujs.self-ca5248a2fad13d6bd58ea121318d642f195f0b2dd818b30615f785ff365e8d1f.js?body=1" for ::1 at 2015-08-08 20:13:14 -0500


Started GET "/assets/app.self-162e76a56775c4313074743aed0a7cf44359328af06895b30232efc1966ab8ea.js?body=1" for ::1 at 2015-08-08 20:13:14 -0500


Started GET "/assets/application.self-bb84d39c76c6f3b39ee60dd7f215933ab453b025fa717038ce3c70f50137c5dc.js?body=1" for ::1 at 2015-08-08 20:13:14 -0500


Started GET "/" for ::1 at 2015-08-08 20:13:49 -0500
Processing by HomeController#index as HTML
  Rendered home/index.html.erb within layouts/application (0.7ms)
Completed 200 OK in 464ms (Views: 463.8ms | ActiveRecord: 0.0ms)


Started GET "/assets/application.self-e80e8f2318043e8af94dddc2adad5a4f09739a8ebb323b3ab31cd71d45fd9113.css?body=1" for ::1 at 2015-08-08 20:13:50 -0500


Started GET "/assets/angular/angular.self-5918d434c9cc209ba9ff042e92494418b0d4189738c99bedd51c5bbdefe0f11c.js?body=1" for ::1 at 2015-08-08 20:13:50 -0500


Started GET "/assets/jquery/dist/jquery.self-a4777c1acac0a74340755725342901a54ed000955bf6f5320491b8b2514c86ec.js?body=1" for ::1 at 2015-08-08 20:13:50 -0500


Started GET "/assets/jquery_ujs.self-ca5248a2fad13d6bd58ea121318d642f195f0b2dd818b30615f785ff365e8d1f.js?body=1" for ::1 at 2015-08-08 20:13:50 -0500


Started GET "/assets/app.self-97992ba65ca4ee3e9d0d223db1862f5d360f6c0858889e42a11f510f4553195b.js?body=1" for ::1 at 2015-08-08 20:13:50 -0500


Started GET "/assets/controllers/HomeController.self-4ac129e99c943eaff43e9658d9b63e2fd66ebc6b7b9c2235329bf0dda0b09263.js?body=1" for ::1 at 2015-08-08 20:13:50 -0500


Started GET "/assets/application.self-bb84d39c76c6f3b39ee60dd7f215933ab453b025fa717038ce3c70f50137c5dc.js?body=1" for ::1 at 2015-08-08 20:13:50 -0500


Started GET "/" for ::1 at 2015-08-08 20:15:13 -0500
Processing by HomeController#index as HTML
  Rendered home/index.html.erb within layouts/application (0.7ms)
Completed 500 Internal Server Error in 188ms (ActiveRecord: 0.0ms)

ActionView::Template::Error (couldn't find file 'angular-rails-templates' with type 'application/javascript'):
    3: <head>
    4:   <title>Burgr</title>
    5:   <%= stylesheet_link_tag    'application', media: 'all', 'data-turbolinks-track' => true %>
    6:   <%= javascript_include_tag 'application', 'data-turbolinks-track' => true %>
    7:   <%= csrf_meta_tags %>
    8: </head>
    9: <body>
  app/assets/javascripts/application.js:17
  app/views/layouts/application.html.erb:6:in `_app_views_layouts_application_html_erb__3113459755478178952_70310123616680'


  Rendered /Users/jimjoyce/.rbenv/versions/2.0.0-p481/lib/ruby/gems/2.0.0/gems/actionpack-4.2.3/lib/action_dispatch/middleware/templates/rescues/_source.erb (5.5ms)
  Rendered /Users/jimjoyce/.rbenv/versions/2.0.0-p481/lib/ruby/gems/2.0.0/gems/actionpack-4.2.3/lib/action_dispatch/middleware/templates/rescues/_trace.html.erb (2.0ms)
  Rendered /Users/jimjoyce/.rbenv/versions/2.0.0-p481/lib/ruby/gems/2.0.0/gems/actionpack-4.2.3/lib/action_dispatch/middleware/templates/rescues/_request_and_response.html.erb (7.1ms)
  Rendered /Users/jimjoyce/.rbenv/versions/2.0.0-p481/lib/ruby/gems/2.0.0/gems/actionpack-4.2.3/lib/action_dispatch/middleware/templates/rescues/template_error.html.erb within rescues/layout (24.2ms)
  Rendered /Users/jimjoyce/.rbenv/versions/2.0.0-p481/lib/ruby/gems/2.0.0/gems/web-console-2.2.1/lib/web_console/templates/_markup.html.erb (0.2ms)
  Rendered /Users/jimjoyce/.rbenv/versions/2.0.0-p481/lib/ruby/gems/2.0.0/gems/web-console-2.2.1/lib/web_console/templates/_inner_console_markup.html.erb within layouts/inlined_string (0.2ms)
  Rendered /Users/jimjoyce/.rbenv/versions/2.0.0-p481/lib/ruby/gems/2.0.0/gems/web-console-2.2.1/lib/web_console/templates/_prompt_box_markup.html.erb within layouts/inlined_string (0.2ms)
  Rendered /Users/jimjoyce/.rbenv/versions/2.0.0-p481/lib/ruby/gems/2.0.0/gems/web-console-2.2.1/lib/web_console/templates/style.css.erb within layouts/inlined_string (0.4ms)
  Rendered /Users/jimjoyce/.rbenv/versions/2.0.0-p481/lib/ruby/gems/2.0.0/gems/web-console-2.2.1/lib/web_console/templates/console.js.erb within layouts/javascript (12.5ms)
  Rendered /Users/jimjoyce/.rbenv/versions/2.0.0-p481/lib/ruby/gems/2.0.0/gems/web-console-2.2.1/lib/web_console/templates/main.js.erb within layouts/javascript (0.2ms)
  Rendered /Users/jimjoyce/.rbenv/versions/2.0.0-p481/lib/ruby/gems/2.0.0/gems/web-console-2.2.1/lib/web_console/templates/error_page.js.erb within layouts/javascript (0.3ms)
  Rendered /Users/jimjoyce/.rbenv/versions/2.0.0-p481/lib/ruby/gems/2.0.0/gems/web-console-2.2.1/lib/web_console/templates/index.html.erb (27.1ms)


Started GET "/" for ::1 at 2015-08-08 20:17:41 -0500
Processing by HomeController#index as HTML
  Rendered home/index.html.erb within layouts/application (0.7ms)
Completed 200 OK in 1199ms (Views: 1198.9ms | ActiveRecord: 0.0ms)


Started GET "/assets/application.self-e80e8f2318043e8af94dddc2adad5a4f09739a8ebb323b3ab31cd71d45fd9113.css?body=1" for ::1 at 2015-08-08 20:17:43 -0500


Started GET "/assets/jquery/dist/jquery.self-a4777c1acac0a74340755725342901a54ed000955bf6f5320491b8b2514c86ec.js?body=1" for ::1 at 2015-08-08 20:17:43 -0500


Started GET "/assets/jquery_ujs.self-ca5248a2fad13d6bd58ea121318d642f195f0b2dd818b30615f785ff365e8d1f.js?body=1" for ::1 at 2015-08-08 20:17:43 -0500


Started GET "/assets/angular-route/angular-route.self-688a5dbfc6be484158af02e48a44276c0679e816015ff48c15b4e195384ee4e9.js?body=1" for ::1 at 2015-08-08 20:17:43 -0500


Started GET "/assets/angular-rails-templates.self-0cb4b19debc640ed69cbcf42939a1289977dedf73a8d318f2db162b1f2834920.js?body=1" for ::1 at 2015-08-08 20:17:43 -0500


Started GET "/assets/angular-resource/angular-resource.self-d2f910ae036c8ee0818b9ba20f8599786526b5d4438ceecff5a0366c4d1a4422.js?body=1" for ::1 at 2015-08-08 20:17:43 -0500


Started GET "/assets/angular/angular.self-5918d434c9cc209ba9ff042e92494418b0d4189738c99bedd51c5bbdefe0f11c.js?body=1" for ::1 at 2015-08-08 20:17:43 -0500


Started GET "/assets/application.self-2cb6a86b13c65f9e01e37b63e94523e0de8f147e97b42cc0f3610f4d3e8b2033.js?body=1" for ::1 at 2015-08-08 20:17:43 -0500


Started GET "/assets/app.self-97992ba65ca4ee3e9d0d223db1862f5d360f6c0858889e42a11f510f4553195b.js?body=1" for ::1 at 2015-08-08 20:17:43 -0500


Started GET "/assets/controllers/HomeController.self-4ac129e99c943eaff43e9658d9b63e2fd66ebc6b7b9c2235329bf0dda0b09263.js?body=1" for ::1 at 2015-08-08 20:17:43 -0500


Started GET "/assets/app.self-97992ba65ca4ee3e9d0d223db1862f5d360f6c0858889e42a11f510f4553195b.js?body=1" for ::1 at 2015-08-08 20:17:43 -0500


Started GET "/assets/controllers/HomeController.self-4ac129e99c943eaff43e9658d9b63e2fd66ebc6b7b9c2235329bf0dda0b09263.js?body=1" for ::1 at 2015-08-08 20:17:43 -0500


Started GET "/" for ::1 at 2015-08-08 20:23:42 -0500
Processing by HomeController#index as HTML
  Rendered home/index.html.erb within layouts/application (1.0ms)
Completed 200 OK in 590ms (Views: 589.8ms | ActiveRecord: 0.0ms)


Started GET "/assets/application.self-e80e8f2318043e8af94dddc2adad5a4f09739a8ebb323b3ab31cd71d45fd9113.css?body=1" for ::1 at 2015-08-08 20:23:43 -0500


Started GET "/assets/jquery_ujs.self-ca5248a2fad13d6bd58ea121318d642f195f0b2dd818b30615f785ff365e8d1f.js?body=1" for ::1 at 2015-08-08 20:23:43 -0500


Started GET "/assets/angular/angular.self-5918d434c9cc209ba9ff042e92494418b0d4189738c99bedd51c5bbdefe0f11c.js?body=1" for ::1 at 2015-08-08 20:23:43 -0500


Started GET "/assets/angular-rails-templates.self-0cb4b19debc640ed69cbcf42939a1289977dedf73a8d318f2db162b1f2834920.js?body=1" for ::1 at 2015-08-08 20:23:43 -0500


Started GET "/assets/jquery/dist/jquery.self-a4777c1acac0a74340755725342901a54ed000955bf6f5320491b8b2514c86ec.js?body=1" for ::1 at 2015-08-08 20:23:43 -0500


Started GET "/assets/angular-route/angular-route.self-688a5dbfc6be484158af02e48a44276c0679e816015ff48c15b4e195384ee4e9.js?body=1" for ::1 at 2015-08-08 20:23:43 -0500


Started GET "/assets/angular-resource/angular-resource.self-d2f910ae036c8ee0818b9ba20f8599786526b5d4438ceecff5a0366c4d1a4422.js?body=1" for ::1 at 2015-08-08 20:23:43 -0500


Started GET "/assets/app.self-97992ba65ca4ee3e9d0d223db1862f5d360f6c0858889e42a11f510f4553195b.js?body=1" for ::1 at 2015-08-08 20:23:43 -0500


Started GET "/assets/controllers/HomeController.self-4ac129e99c943eaff43e9658d9b63e2fd66ebc6b7b9c2235329bf0dda0b09263.js?body=1" for ::1 at 2015-08-08 20:23:43 -0500


Started GET "/assets/application.self-2cb6a86b13c65f9e01e37b63e94523e0de8f147e97b42cc0f3610f4d3e8b2033.js?body=1" for ::1 at 2015-08-08 20:23:43 -0500


Started GET "/" for ::1 at 2015-08-08 20:35:37 -0500
Processing by HomeController#index as HTML
  Rendered home/index.html.erb within layouts/application (1.2ms)
Completed 200 OK in 546ms (Views: 546.0ms | ActiveRecord: 0.0ms)


Started GET "/assets/application.self-e80e8f2318043e8af94dddc2adad5a4f09739a8ebb323b3ab31cd71d45fd9113.css?body=1" for ::1 at 2015-08-08 20:35:37 -0500


Started GET "/assets/jquery/dist/jquery.self-a4777c1acac0a74340755725342901a54ed000955bf6f5320491b8b2514c86ec.js?body=1" for ::1 at 2015-08-08 20:35:38 -0500


Started GET "/assets/jquery_ujs.self-ca5248a2fad13d6bd58ea121318d642f195f0b2dd818b30615f785ff365e8d1f.js?body=1" for ::1 at 2015-08-08 20:35:38 -0500


Started GET "/assets/angular-resource/angular-resource.self-d2f910ae036c8ee0818b9ba20f8599786526b5d4438ceecff5a0366c4d1a4422.js?body=1" for ::1 at 2015-08-08 20:35:38 -0500


Started GET "/assets/angular-route/angular-route.self-688a5dbfc6be484158af02e48a44276c0679e816015ff48c15b4e195384ee4e9.js?body=1" for ::1 at 2015-08-08 20:35:38 -0500


Started GET "/assets/angular-rails-templates.self-0cb4b19debc640ed69cbcf42939a1289977dedf73a8d318f2db162b1f2834920.js?body=1" for ::1 at 2015-08-08 20:35:38 -0500


Started GET "/assets/app.self-97992ba65ca4ee3e9d0d223db1862f5d360f6c0858889e42a11f510f4553195b.js?body=1" for ::1 at 2015-08-08 20:35:38 -0500


Started GET "/assets/angular/angular.self-5918d434c9cc209ba9ff042e92494418b0d4189738c99bedd51c5bbdefe0f11c.js?body=1" for ::1 at 2015-08-08 20:35:38 -0500


Started GET "/assets/controllers/HomeController.self-4ac129e99c943eaff43e9658d9b63e2fd66ebc6b7b9c2235329bf0dda0b09263.js?body=1" for ::1 at 2015-08-08 20:35:38 -0500


Started GET "/assets/application.self-2cb6a86b13c65f9e01e37b63e94523e0de8f147e97b42cc0f3610f4d3e8b2033.js?body=1" for ::1 at 2015-08-08 20:35:38 -0500


Started GET "/" for ::1 at 2015-08-08 20:37:58 -0500
Processing by HomeController#index as HTML
  Rendered home/index.html.erb within layouts/application (0.0ms)
Completed 200 OK in 317ms (Views: 316.3ms | ActiveRecord: 0.0ms)


Started GET "/assets/application.self-e80e8f2318043e8af94dddc2adad5a4f09739a8ebb323b3ab31cd71d45fd9113.css?body=1" for ::1 at 2015-08-08 20:37:58 -0500


Started GET "/assets/angular/angular.self-5918d434c9cc209ba9ff042e92494418b0d4189738c99bedd51c5bbdefe0f11c.js?body=1" for ::1 at 2015-08-08 20:37:58 -0500


Started GET "/assets/angular-rails-templates.self-0cb4b19debc640ed69cbcf42939a1289977dedf73a8d318f2db162b1f2834920.js?body=1" for ::1 at 2015-08-08 20:37:58 -0500


Started GET "/assets/jquery_ujs.self-ca5248a2fad13d6bd58ea121318d642f195f0b2dd818b30615f785ff365e8d1f.js?body=1" for ::1 at 2015-08-08 20:37:58 -0500


Started GET "/assets/jquery/dist/jquery.self-a4777c1acac0a74340755725342901a54ed000955bf6f5320491b8b2514c86ec.js?body=1" for ::1 at 2015-08-08 20:37:58 -0500


Started GET "/assets/angular-route/angular-route.self-688a5dbfc6be484158af02e48a44276c0679e816015ff48c15b4e195384ee4e9.js?body=1" for ::1 at 2015-08-08 20:37:58 -0500


Started GET "/assets/angular-resource/angular-resource.self-d2f910ae036c8ee0818b9ba20f8599786526b5d4438ceecff5a0366c4d1a4422.js?body=1" for ::1 at 2015-08-08 20:37:58 -0500


Started GET "/assets/app.self-31d2f9648fcf7dcd03d804c905cbc0f3ec22223157e894c397cd108367825ee9.js?body=1" for ::1 at 2015-08-08 20:37:58 -0500


Started GET "/assets/controllers/HomeController.self-4ac129e99c943eaff43e9658d9b63e2fd66ebc6b7b9c2235329bf0dda0b09263.js?body=1" for ::1 at 2015-08-08 20:37:58 -0500


Started GET "/assets/application.self-2cb6a86b13c65f9e01e37b63e94523e0de8f147e97b42cc0f3610f4d3e8b2033.js?body=1" for ::1 at 2015-08-08 20:37:58 -0500


Started GET "/assets/templates/index.html" for ::1 at 2015-08-08 20:37:58 -0500


Started GET "/" for ::1 at 2015-08-08 20:38:57 -0500
Processing by HomeController#index as HTML
  Rendered home/index.html.erb within layouts/application (0.1ms)
Completed 200 OK in 333ms (Views: 332.4ms | ActiveRecord: 0.0ms)


Started GET "/assets/application.self-e80e8f2318043e8af94dddc2adad5a4f09739a8ebb323b3ab31cd71d45fd9113.css?body=1" for ::1 at 2015-08-08 20:38:57 -0500


Started GET "/assets/jquery_ujs.self-ca5248a2fad13d6bd58ea121318d642f195f0b2dd818b30615f785ff365e8d1f.js?body=1" for ::1 at 2015-08-08 20:38:57 -0500


Started GET "/assets/jquery/dist/jquery.self-a4777c1acac0a74340755725342901a54ed000955bf6f5320491b8b2514c86ec.js?body=1" for ::1 at 2015-08-08 20:38:57 -0500


Started GET "/assets/angular/angular.self-5918d434c9cc209ba9ff042e92494418b0d4189738c99bedd51c5bbdefe0f11c.js?body=1" for ::1 at 2015-08-08 20:38:57 -0500


Started GET "/assets/angular-route/angular-route.self-688a5dbfc6be484158af02e48a44276c0679e816015ff48c15b4e195384ee4e9.js?body=1" for ::1 at 2015-08-08 20:38:57 -0500


Started GET "/assets/controllers/HomeController.self-1132d155267bcc1ae1535a9aee002b5e83130af76cfe3e24fe94a455c7aa31c9.js?body=1" for ::1 at 2015-08-08 20:38:57 -0500


Started GET "/assets/angular-rails-templates.self-0cb4b19debc640ed69cbcf42939a1289977dedf73a8d318f2db162b1f2834920.js?body=1" for ::1 at 2015-08-08 20:38:57 -0500


Started GET "/assets/angular-resource/angular-resource.self-d2f910ae036c8ee0818b9ba20f8599786526b5d4438ceecff5a0366c4d1a4422.js?body=1" for ::1 at 2015-08-08 20:38:57 -0500


Started GET "/assets/app.self-31d2f9648fcf7dcd03d804c905cbc0f3ec22223157e894c397cd108367825ee9.js?body=1" for ::1 at 2015-08-08 20:38:57 -0500


Started GET "/assets/application.self-2cb6a86b13c65f9e01e37b63e94523e0de8f147e97b42cc0f3610f4d3e8b2033.js?body=1" for ::1 at 2015-08-08 20:38:57 -0500


Started GET "/assets/templates/index.html" for ::1 at 2015-08-08 20:38:58 -0500


Started GET "/" for ::1 at 2015-08-08 20:39:04 -0500
Processing by HomeController#index as HTML
  Rendered home/index.html.erb within layouts/application (0.0ms)
Completed 200 OK in 306ms (Views: 306.0ms | ActiveRecord: 0.0ms)


Started GET "/assets/application.self-e80e8f2318043e8af94dddc2adad5a4f09739a8ebb323b3ab31cd71d45fd9113.css?body=1" for ::1 at 2015-08-08 20:39:05 -0500


Started GET "/assets/controllers/HomeController.self-283140af9969a0a9343cf52ea6b13f24349fd9eb111244968afa0aab28617f87.js?body=1" for ::1 at 2015-08-08 20:39:05 -0500


Started GET "/assets/jquery_ujs.self-ca5248a2fad13d6bd58ea121318d642f195f0b2dd818b30615f785ff365e8d1f.js?body=1" for ::1 at 2015-08-08 20:39:05 -0500


Started GET "/assets/angular-route/angular-route.self-688a5dbfc6be484158af02e48a44276c0679e816015ff48c15b4e195384ee4e9.js?body=1" for ::1 at 2015-08-08 20:39:05 -0500


Started GET "/assets/angular/angular.self-5918d434c9cc209ba9ff042e92494418b0d4189738c99bedd51c5bbdefe0f11c.js?body=1" for ::1 at 2015-08-08 20:39:05 -0500


Started GET "/assets/jquery/dist/jquery.self-a4777c1acac0a74340755725342901a54ed000955bf6f5320491b8b2514c86ec.js?body=1" for ::1 at 2015-08-08 20:39:05 -0500


Started GET "/assets/angular-rails-templates.self-0cb4b19debc640ed69cbcf42939a1289977dedf73a8d318f2db162b1f2834920.js?body=1" for ::1 at 2015-08-08 20:39:05 -0500


Started GET "/assets/angular-resource/angular-resource.self-d2f910ae036c8ee0818b9ba20f8599786526b5d4438ceecff5a0366c4d1a4422.js?body=1" for ::1 at 2015-08-08 20:39:05 -0500


Started GET "/assets/app.self-31d2f9648fcf7dcd03d804c905cbc0f3ec22223157e894c397cd108367825ee9.js?body=1" for ::1 at 2015-08-08 20:39:05 -0500


Started GET "/assets/application.self-2cb6a86b13c65f9e01e37b63e94523e0de8f147e97b42cc0f3610f4d3e8b2033.js?body=1" for ::1 at 2015-08-08 20:39:05 -0500


Started GET "/assets/templates/index.html" for ::1 at 2015-08-08 20:39:05 -0500


Started GET "/" for ::1 at 2015-08-08 20:40:43 -0500
Processing by HomeController#index as HTML
  Rendered home/index.html.erb within layouts/application (0.7ms)
Completed 200 OK in 813ms (Views: 813.0ms | ActiveRecord: 0.0ms)


Started GET "/assets/application.self-e80e8f2318043e8af94dddc2adad5a4f09739a8ebb323b3ab31cd71d45fd9113.css?body=1" for ::1 at 2015-08-08 20:40:44 -0500


Started GET "/assets/angular-animate/angular-animate.self-2bf9c8b701a0e6bc2968df73c2a0d8938eb84d13cc426d2432d3b2fb536c50e5.js?body=1" for ::1 at 2015-08-08 20:40:44 -0500


Started GET "/assets/jquery/dist/jquery.self-a4777c1acac0a74340755725342901a54ed000955bf6f5320491b8b2514c86ec.js?body=1" for ::1 at 2015-08-08 20:40:44 -0500


Started GET "/assets/jquery_ujs.self-ca5248a2fad13d6bd58ea121318d642f195f0b2dd818b30615f785ff365e8d1f.js?body=1" for ::1 at 2015-08-08 20:40:44 -0500


Started GET "/assets/angular-route/angular-route.self-688a5dbfc6be484158af02e48a44276c0679e816015ff48c15b4e195384ee4e9.js?body=1" for ::1 at 2015-08-08 20:40:44 -0500


Started GET "/assets/angular-rails-templates.self-0cb4b19debc640ed69cbcf42939a1289977dedf73a8d318f2db162b1f2834920.js?body=1" for ::1 at 2015-08-08 20:40:44 -0500


Started GET "/assets/angular/angular.self-5918d434c9cc209ba9ff042e92494418b0d4189738c99bedd51c5bbdefe0f11c.js?body=1" for ::1 at 2015-08-08 20:40:44 -0500


Started GET "/assets/angular-resource/angular-resource.self-d2f910ae036c8ee0818b9ba20f8599786526b5d4438ceecff5a0366c4d1a4422.js?body=1" for ::1 at 2015-08-08 20:40:44 -0500


Started GET "/assets/application.self-c2d65d481303682f54222b0b50515c3fb863cdda04933ba72f633381c9d4be0f.js?body=1" for ::1 at 2015-08-08 20:40:44 -0500


Started GET "/assets/app.self-97992ba65ca4ee3e9d0d223db1862f5d360f6c0858889e42a11f510f4553195b.js?body=1" for ::1 at 2015-08-08 20:40:44 -0500


Started GET "/assets/controllers/HomeController.self-283140af9969a0a9343cf52ea6b13f24349fd9eb111244968afa0aab28617f87.js?body=1" for ::1 at 2015-08-08 20:40:44 -0500


Started GET "/assets/templates/index.html" for ::1 at 2015-08-08 20:40:44 -0500
